<?xml version="1.0" encoding="UTF-8"?>
<!-- Generated by org.testng.reporters.JUnitXMLReporter -->
<testsuite hostname="modestyEdwige" ignored="0" name="Command line test" tests="17" failures="0" timestamp="10 oct. 2017 18:08:24 GMT" time="38.847" errors="0">
  <testcase name="createBailleurTest" time="21.447" classname="com.bootcamp.BailleurTest"/>
  <testcase name="deleteBailleurTest" time="2.2" classname="com.bootcamp.BailleurTest"/>
  <testcase name="findAllTest" time="0.377" classname="com.bootcamp.BailleurTest"/>
  <testcase name="updateBailleurTest" time="0.355" classname="com.bootcamp.BailleurTest"/>
  <testcase name="createBeneficiaireTest" time="0.432" classname="com.bootcamp.BeneficiaireTest"/>
  <testcase name="deleteBeneficiaireTest" time="0.293" classname="com.bootcamp.BeneficiaireTest"/>
  <testcase name="findAllTest" time="0.336" classname="com.bootcamp.BeneficiaireTest"/>
  <testcase name="updateBeneficiaireTest" time="0.266" classname="com.bootcamp.BeneficiaireTest"/>
  <testcase name="createFournisseurTest" time="0.479" classname="com.bootcamp.FournisseurTest"/>
  <testcase name="deleteFournisseurTest" time="0.226" classname="com.bootcamp.FournisseurTest"/>
  <testcase name="findAllTest" time="0.21" classname="com.bootcamp.FournisseurTest"/>
  <testcase name="updateFournisseurTest" time="0.275" classname="com.bootcamp.FournisseurTest"/>
  <testcase name="generateTables" time="4.254" classname="com.bootcamp.GenerateTableTest"/>
  <testcase name="jsonTest" time="5.239" classname="com.bootcamp.JsonTest"/>
  <testcase name="createProgrammeTest" time="0.337" classname="com.bootcamp.ProgrammeTest"/>
  <testcase name="findAllTest" time="0.318" classname="com.bootcamp.ProgrammeTest"/>
  <testcase name="requestsTest" time="1.444" classname="com.bootcamp.RequetesTest"/>
</testsuite> <!-- Command line test -->
