<?xml version="1.0" encoding="UTF-8" ?>
<testsuite tests="17" failures="0" name="TestSuite" time="38.466" errors="0" skipped="0">
  <properties>
[...]
</properties>
  <testcase classname="com.bootcamp.BailleurTest" name="createBailleurTest" time="21.472"/>
  <testcase classname="com.bootcamp.BailleurTest" name="deleteBailleurTest" time="2.145"/>
  <testcase classname="com.bootcamp.BailleurTest" name="findAllTest" time="0.371"/>
  <testcase classname="com.bootcamp.BailleurTest" name="updateBailleurTest" time="0.357"/>
  <testcase classname="com.bootcamp.BeneficiaireTest" name="createBeneficiaireTest" time="0.428"/>
  <testcase classname="com.bootcamp.BeneficiaireTest" name="deleteBeneficiaireTest" time="0.306"/>
  <testcase classname="com.bootcamp.BeneficiaireTest" name="findAllTest" time="0.324"/>
  <testcase classname="com.bootcamp.BeneficiaireTest" name="updateBeneficiaireTest" time="0.267"/>
  <testcase classname="com.bootcamp.FournisseurTest" name="createFournisseurTest" time="0.492"/>
  <testcase classname="com.bootcamp.FournisseurTest" name="deleteFournisseurTest" time="0.209"/>
  <testcase classname="com.bootcamp.FournisseurTest" name="findAllTest" time="0.204"/>
  <testcase classname="com.bootcamp.FournisseurTest" name="updateFournisseurTest" time="0.275"/>
  <testcase classname="com.bootcamp.GenerateTableTest" name="generateTables" time="4.254"/>
  <testcase classname="com.bootcamp.JsonTest" name="jsonTest" time="5.24"/>
  <testcase classname="com.bootcamp.ProgrammeTest" name="createProgrammeTest" time="0.352"/>
  <testcase classname="com.bootcamp.ProgrammeTest" name="findAllTest" time="0.337"/>
  <testcase classname="com.bootcamp.RequetesTest" name="requestsTest" time="1.433"/>
</testsuite>